[debug] [2024-11-20T08:01:05.471Z] ----------------------------------------------------------------------
[debug] [2024-11-20T08:01:05.477Z] Command:       D:\Program Files\nodejs\node.exe C:\Users\LENOVO\AppData\Roaming\npm\node_modules\firebase-tools\lib\bin\firebase.js emulators:start --only functions
[debug] [2024-11-20T08:01:05.478Z] CLI Version:   13.26.0
[debug] [2024-11-20T08:01:05.478Z] Platform:      win32
[debug] [2024-11-20T08:01:05.479Z] Node Version:  v20.11.1
[debug] [2024-11-20T08:01:05.479Z] Time:          Wed Nov 20 2024 15:01:05 GMT+0700 (Indochina Time)
[debug] [2024-11-20T08:01:05.479Z] ----------------------------------------------------------------------
[debug] 
[debug] [2024-11-20T08:01:05.708Z] > command requires scopes: ["email","openid","https://www.googleapis.com/auth/cloudplatformprojects.readonly","https://www.googleapis.com/auth/firebase","https://www.googleapis.com/auth/cloud-platform"]
[debug] [2024-11-20T08:01:05.710Z] > authorizing via signed-in user (ngotritoan33@gmail.com)
[info] i  emulators: Starting emulators: functions {"metadata":{"emulator":{"name":"hub"},"message":"Starting emulators: functions"}}
[debug] [2024-11-20T08:01:05.728Z] [logging] Logging Emulator only supports listening on one address (127.0.0.1). Not listening on ::1
[debug] [2024-11-20T08:01:05.729Z] assigned listening specs for emulators {"user":{"hub":[{"address":"127.0.0.1","family":"IPv4","port":4400},{"address":"::1","family":"IPv6","port":4400}],"ui":[{"address":"127.0.0.1","family":"IPv4","port":4000},{"address":"::1","family":"IPv6","port":4000}],"logging":[{"address":"127.0.0.1","family":"IPv4","port":4500}]},"metadata":{"message":"assigned listening specs for emulators"}}
[debug] [2024-11-20T08:01:05.737Z] [hub] writing locator at C:\Users\LENOVO\AppData\Local\Temp\hub-project2-197c0.json
[debug] [2024-11-20T08:01:05.782Z] [functions] Functions Emulator only supports listening on one address (127.0.0.1). Not listening on ::1
[debug] [2024-11-20T08:01:05.782Z] [eventarc] Eventarc Emulator only supports listening on one address (127.0.0.1). Not listening on ::1
[debug] [2024-11-20T08:01:05.782Z] [tasks] Cloud Tasks Emulator only supports listening on one address (127.0.0.1). Not listening on ::1
[debug] [2024-11-20T08:01:05.782Z] late-assigned ports for functions and eventarc emulators {"user":{"hub":[{"address":"127.0.0.1","family":"IPv4","port":4400},{"address":"::1","family":"IPv6","port":4400}],"ui":[{"address":"127.0.0.1","family":"IPv4","port":4000},{"address":"::1","family":"IPv6","port":4000}],"logging":[{"address":"127.0.0.1","family":"IPv4","port":4500}],"functions":[{"address":"127.0.0.1","family":"IPv4","port":5001}],"eventarc":[{"address":"127.0.0.1","family":"IPv4","port":9299}],"tasks":[{"address":"127.0.0.1","family":"IPv4","port":9499}]},"metadata":{"message":"late-assigned ports for functions and eventarc emulators"}}
[warn] !  functions: The following emulators are not running, calls to these services from the Functions emulator will affect production: auth, firestore, database, hosting, pubsub, storage, dataconnect {"metadata":{"emulator":{"name":"functions"},"message":"The following emulators are not running, calls to these services from the Functions emulator will affect production: \u001b[1mauth, firestore, database, hosting, pubsub, storage, dataconnect\u001b[22m"}}
[debug] [2024-11-20T08:01:05.787Z] defaultcredentials: writing to file C:\Users\LENOVO\AppData\Roaming\firebase\ngotritoan33_gmail_com_application_default_credentials.json
[debug] [2024-11-20T08:01:05.794Z] Setting GAC to C:\Users\LENOVO\AppData\Roaming\firebase\ngotritoan33_gmail_com_application_default_credentials.json {"metadata":{"emulator":{"name":"functions"},"message":"Setting GAC to C:\\Users\\LENOVO\\AppData\\Roaming\\firebase\\ngotritoan33_gmail_com_application_default_credentials.json"}}
[debug] [2024-11-20T08:01:05.796Z] Checked if tokens are valid: true, expires at: 1732092002791
[debug] [2024-11-20T08:01:05.797Z] Checked if tokens are valid: true, expires at: 1732092002791
[debug] [2024-11-20T08:01:05.799Z] >>> [apiv2][query] GET https://firebase.googleapis.com/v1beta1/projects/project2-197c0/adminSdkConfig [none]
[debug] [2024-11-20T08:01:06.342Z] <<< [apiv2][status] GET https://firebase.googleapis.com/v1beta1/projects/project2-197c0/adminSdkConfig 200
[debug] [2024-11-20T08:01:06.343Z] <<< [apiv2][body] GET https://firebase.googleapis.com/v1beta1/projects/project2-197c0/adminSdkConfig {"projectId":"project2-197c0","databaseURL":"https://project2-197c0-default-rtdb.firebaseio.com","storageBucket":"project2-197c0.firebasestorage.app"}
[info] i  functions: Watching "D:\365\hoc tap\React Js\project\lawMachine2\functions" for Cloud Functions... {"metadata":{"emulator":{"name":"functions"},"message":"Watching \"D:\\365\\hoc tap\\React Js\\project\\lawMachine2\\functions\" for Cloud Functions..."}}
[debug] [2024-11-20T08:01:06.412Z] Validating nodejs source
[debug] [2024-11-20T08:01:08.915Z] > [functions] package.json contents: {
  "name": "functions",
  "description": "Cloud Functions for Firebase",
  "scripts": {
    "serve": "firebase emulators:start --only functions",
    "shell": "firebase functions:shell",
    "start": "npm run shell",
    "deploy": "firebase deploy --only functions",
    "logs": "firebase functions:log"
  },
  "engines": {
    "node": "18"
  },
  "main": "index.js",
  "dependencies": {
    "firebase-admin": "^12.6.0",
    "firebase-functions": "^6.0.1",
    "mongodb": "^6.10.0"
  },
  "devDependencies": {
    "firebase-functions-test": "^3.1.0"
  },
  "private": true
}
[debug] [2024-11-20T08:01:08.915Z] Building nodejs source
[debug] [2024-11-20T08:01:08.916Z] Failed to find version of module node: reached end of search path D:\365\hoc tap\React Js\project\lawMachine2\functions\node_modules
[warn] !  functions: Your requested "node" version "18" doesn't match your global version "20". Using node@20 from host. 
[debug] [2024-11-20T08:01:08.921Z] Could not find functions.yaml. Must use http discovery
[debug] [2024-11-20T08:01:08.930Z] Found firebase-functions binary at 'D:\365\hoc tap\React Js\project\lawMachine2\functions\node_modules\.bin\firebase-functions'
[info] Serving at port 8116

[debug] [2024-11-20T08:01:09.687Z] Got response from /__/functions.yaml {"endpoints":{"searchLaw":{"availableMemoryMb":null,"timeoutSeconds":null,"minInstances":null,"maxInstances":null,"ingressSettings":null,"concurrency":null,"serviceAccountEmail":null,"vpc":null,"platform":"gcfv2","labels":{},"httpsTrigger":{},"entryPoint":"searchLaw"},"searchContent":{"availableMemoryMb":null,"timeoutSeconds":null,"minInstances":null,"maxInstances":null,"ingressSettings":null,"concurrency":null,"serviceAccountEmail":null,"vpc":null,"platform":"gcfv2","labels":{},"httpsTrigger":{},"entryPoint":"searchContent"}},"specVersion":"v1alpha1","requiredAPIs":[],"extensions":{}}
[info] +  functions: Loaded functions definitions from source: searchLaw, searchContent. {"metadata":{"emulator":{"name":"functions"},"message":"Loaded functions definitions from source: searchLaw, searchContent."}}
[info] +  functions[us-central1-searchLaw]: http function initialized (http://127.0.0.1:5001/project2-197c0/us-central1/searchLaw). {"metadata":{"emulator":{"name":"functions"},"message":"\u001b[1mhttp\u001b[22m function initialized (http://127.0.0.1:5001/project2-197c0/us-central1/searchLaw)."}}
[info] +  functions[us-central1-searchContent]: http function initialized (http://127.0.0.1:5001/project2-197c0/us-central1/searchContent). {"metadata":{"emulator":{"name":"functions"},"message":"\u001b[1mhttp\u001b[22m function initialized (http://127.0.0.1:5001/project2-197c0/us-central1/searchContent)."}}
[debug] [2024-11-20T08:01:14.760Z] Could not find VSCode notification endpoint: FetchError: request to http://localhost:40001/vscode/notify failed, reason: . If you are not running the Firebase Data Connect VSCode extension, this is expected and not an issue.
[info] 
┌─────────────────────────────────────────────────────────────┐
│ ✔  All emulators ready! It is now safe to connect your app. │
│ i  View Emulator UI at http://127.0.0.1:4000/               │
└─────────────────────────────────────────────────────────────┘

┌───────────┬────────────────┬─────────────────────────────────┐
│ Emulator  │ Host:Port      │ View in Emulator UI             │
├───────────┼────────────────┼─────────────────────────────────┤
│ Functions │ 127.0.0.1:5001 │ http://127.0.0.1:4000/functions │
└───────────┴────────────────┴─────────────────────────────────┘
  Emulator Hub running at 127.0.0.1:4400
  Other reserved ports: 4500

Issues? Report them at https://github.com/firebase/firebase-tools/issues and attach the *-debug.log files.
 
[debug] [2024-11-20T08:01:58.019Z] [work-queue] {"queuedWork":["/project2-197c0/us-central1/searchLaw-2024-11-20T08:01:58.019Z"],"queueLength":1,"runningWork":[],"workRunningCount":0}
[debug] [2024-11-20T08:01:58.020Z] [work-queue] {"queuedWork":[],"queueLength":0,"runningWork":["/project2-197c0/us-central1/searchLaw-2024-11-20T08:01:58.019Z"],"workRunningCount":1}
[debug] [2024-11-20T08:01:58.020Z] Accepted request GET /project2-197c0/us-central1/searchLaw --> us-central1-searchLaw
[debug] [2024-11-20T08:01:58.026Z] [functions] Runtime ready! Sending request! {"metadata":{"emulator":{"name":"functions"},"message":"[functions] Runtime ready! Sending request!"}}
[debug] [2024-11-20T08:01:58.027Z] [functions] Got req.url=/project2-197c0/us-central1/searchLaw, mapping to path=/ {"metadata":{"emulator":{"name":"functions"},"message":"[functions] Got req.url=/project2-197c0/us-central1/searchLaw, mapping to path=/"}}
[debug] [2024-11-20T08:01:58.045Z] [worker-pool] addWorker(us-central1-searchLaw) {"metadata":{"emulator":{"name":"functions"},"message":"[worker-pool] addWorker(us-central1-searchLaw)"}}
[debug] [2024-11-20T08:01:58.046Z] [worker-pool] Adding worker with key us-central1-searchLaw, total=1 {"metadata":{"emulator":{"name":"functions"},"message":"[worker-pool] Adding worker with key us-central1-searchLaw, total=1"}}
[debug] [2024-11-20T08:02:00.338Z] [runtime-status] [832] Resolved module firebase-admin {"declared":true,"installed":true,"version":"12.7.0","resolution":"D:\\365\\hoc tap\\React Js\\project\\lawMachine2\\functions\\node_modules\\firebase-admin\\lib\\index.js"} {"metadata":{"emulator":{"name":"functions"},"function":{"name":"us-central1-searchLaw"},"extension":{},"message":"[runtime-status] [832] Resolved module firebase-admin {\"declared\":true,\"installed\":true,\"version\":\"12.7.0\",\"resolution\":\"D:\\\\365\\\\hoc tap\\\\React Js\\\\project\\\\lawMachine2\\\\functions\\\\node_modules\\\\firebase-admin\\\\lib\\\\index.js\"}"}}
[debug] [2024-11-20T08:02:00.340Z] [runtime-status] [832] Resolved module firebase-functions {"declared":true,"installed":true,"version":"6.1.0","resolution":"D:\\365\\hoc tap\\React Js\\project\\lawMachine2\\functions\\node_modules\\firebase-functions\\lib\\v2\\index.js"} {"metadata":{"emulator":{"name":"functions"},"function":{"name":"us-central1-searchLaw"},"extension":{},"message":"[runtime-status] [832] Resolved module firebase-functions {\"declared\":true,\"installed\":true,\"version\":\"6.1.0\",\"resolution\":\"D:\\\\365\\\\hoc tap\\\\React Js\\\\project\\\\lawMachine2\\\\functions\\\\node_modules\\\\firebase-functions\\\\lib\\\\v2\\\\index.js\"}"}}
[debug] [2024-11-20T08:02:00.341Z] [runtime-status] [832] Outgoing network have been stubbed. [{"name":"http","status":"mocked"},{"name":"http","status":"mocked"},{"name":"https","status":"mocked"},{"name":"https","status":"mocked"},{"name":"net","status":"mocked"}] {"metadata":{"emulator":{"name":"functions"},"function":{"name":"us-central1-searchLaw"},"extension":{},"message":"[runtime-status] [832] Outgoing network have been stubbed. [{\"name\":\"http\",\"status\":\"mocked\"},{\"name\":\"http\",\"status\":\"mocked\"},{\"name\":\"https\",\"status\":\"mocked\"},{\"name\":\"https\",\"status\":\"mocked\"},{\"name\":\"net\",\"status\":\"mocked\"}]"}}
[debug] [2024-11-20T08:02:00.343Z] [runtime-status] [832] Resolved module firebase-functions {"declared":true,"installed":true,"version":"6.1.0","resolution":"D:\\365\\hoc tap\\React Js\\project\\lawMachine2\\functions\\node_modules\\firebase-functions\\lib\\v2\\index.js"} {"metadata":{"emulator":{"name":"functions"},"function":{"name":"us-central1-searchLaw"},"extension":{},"message":"[runtime-status] [832] Resolved module firebase-functions {\"declared\":true,\"installed\":true,\"version\":\"6.1.0\",\"resolution\":\"D:\\\\365\\\\hoc tap\\\\React Js\\\\project\\\\lawMachine2\\\\functions\\\\node_modules\\\\firebase-functions\\\\lib\\\\v2\\\\index.js\"}"}}
[debug] [2024-11-20T08:02:00.725Z] [runtime-status] [832] Checked functions.config() {"config":{}} {"metadata":{"emulator":{"name":"functions"},"function":{"name":"us-central1-searchLaw"},"extension":{},"message":"[runtime-status] [832] Checked functions.config() {\"config\":{}}"}}
[debug] [2024-11-20T08:02:00.725Z] [runtime-status] [832] firebase-functions has been stubbed. {"functionsResolution":{"declared":true,"installed":true,"version":"6.1.0","resolution":"D:\\365\\hoc tap\\React Js\\project\\lawMachine2\\functions\\node_modules\\firebase-functions\\lib\\v2\\index.js"}} {"metadata":{"emulator":{"name":"functions"},"function":{"name":"us-central1-searchLaw"},"extension":{},"message":"[runtime-status] [832] firebase-functions has been stubbed. {\"functionsResolution\":{\"declared\":true,\"installed\":true,\"version\":\"6.1.0\",\"resolution\":\"D:\\\\365\\\\hoc tap\\\\React Js\\\\project\\\\lawMachine2\\\\functions\\\\node_modules\\\\firebase-functions\\\\lib\\\\v2\\\\index.js\"}}"}}
[debug] [2024-11-20T08:02:00.726Z] [runtime-status] [832] Resolved module firebase-functions {"declared":true,"installed":true,"version":"6.1.0","resolution":"D:\\365\\hoc tap\\React Js\\project\\lawMachine2\\functions\\node_modules\\firebase-functions\\lib\\v2\\index.js"} {"metadata":{"emulator":{"name":"functions"},"function":{"name":"us-central1-searchLaw"},"extension":{},"message":"[runtime-status] [832] Resolved module firebase-functions {\"declared\":true,\"installed\":true,\"version\":\"6.1.0\",\"resolution\":\"D:\\\\365\\\\hoc tap\\\\React Js\\\\project\\\\lawMachine2\\\\functions\\\\node_modules\\\\firebase-functions\\\\lib\\\\v2\\\\index.js\"}"}}
[debug] [2024-11-20T08:02:00.732Z] [runtime-status] [832] Resolved module firebase-admin {"declared":true,"installed":true,"version":"12.7.0","resolution":"D:\\365\\hoc tap\\React Js\\project\\lawMachine2\\functions\\node_modules\\firebase-admin\\lib\\index.js"} {"metadata":{"emulator":{"name":"functions"},"function":{"name":"us-central1-searchLaw"},"extension":{},"message":"[runtime-status] [832] Resolved module firebase-admin {\"declared\":true,\"installed\":true,\"version\":\"12.7.0\",\"resolution\":\"D:\\\\365\\\\hoc tap\\\\React Js\\\\project\\\\lawMachine2\\\\functions\\\\node_modules\\\\firebase-admin\\\\lib\\\\index.js\"}"}}
[debug] [2024-11-20T08:02:00.734Z] [runtime-status] [832] Resolved module firebase-functions {"declared":true,"installed":true,"version":"6.1.0","resolution":"D:\\365\\hoc tap\\React Js\\project\\lawMachine2\\functions\\node_modules\\firebase-functions\\lib\\v2\\index.js"} {"metadata":{"emulator":{"name":"functions"},"function":{"name":"us-central1-searchLaw"},"extension":{},"message":"[runtime-status] [832] Resolved module firebase-functions {\"declared\":true,\"installed\":true,\"version\":\"6.1.0\",\"resolution\":\"D:\\\\365\\\\hoc tap\\\\React Js\\\\project\\\\lawMachine2\\\\functions\\\\node_modules\\\\firebase-functions\\\\lib\\\\v2\\\\index.js\"}"}}
[debug] [2024-11-20T08:02:00.735Z] [runtime-status] [832] firebase-admin has been stubbed. {"adminResolution":{"declared":true,"installed":true,"version":"12.7.0","resolution":"D:\\365\\hoc tap\\React Js\\project\\lawMachine2\\functions\\node_modules\\firebase-admin\\lib\\index.js"}} {"metadata":{"emulator":{"name":"functions"},"function":{"name":"us-central1-searchLaw"},"extension":{},"message":"[runtime-status] [832] firebase-admin has been stubbed. {\"adminResolution\":{\"declared\":true,\"installed\":true,\"version\":\"12.7.0\",\"resolution\":\"D:\\\\365\\\\hoc tap\\\\React Js\\\\project\\\\lawMachine2\\\\functions\\\\node_modules\\\\firebase-admin\\\\lib\\\\index.js\"}}"}}
[debug] [2024-11-20T08:02:00.992Z] [runtime-status] [832] initializeApp(DEFAULT) {"credential":{"implicit":false,"projectId":"project2-197c0","privateKey":"-----BEGIN PRIVATE KEY-----\nMIIEvQIBADANBgkqhkiG9w0BAQEFAASCBKcwggSjAgEAAoIBAQC5/gbeIukIITYx\nAfS0TsG17rGNGmFo1DvsKnoONbPW2C1aSotD+QyFbx50Z9O8khZorP8HiwEAAixC\n7O5d9IZrqSNsGGv+2QmzH3Y/rT2D/Fa6dfI+OUQw61/2ygTZ/zIPUYlEBCF4qEdw\nnhAc2rUoekBu2w9+n13MQIZ2LAr4jUIIsVsVLcrUsN23ULd8rlGF6GSTiB2Go4Gk\neaQtQ5zQot+Txd5udPb+VZ1SrRXqMLYLz5M2V1P1xDoeHARRTsuKhC1hDy60BeRS\n6hqFguWWTnp03XYCeBs4z6kiY3Tuu0MFPW2jOLJqoPFxNJLz6J/xdUEbnTRWlikd\nzOMN7+kDAgMBAAECggEAGMoK4p7W3flbOS3wY6XJkLThyj41XxzxEvmDBL4onDPP\nhk9q1LeZcSFjIZMDDV46iV9hVaveXsDAuHd5ZQwQbGysfB2cgJOEhPC7uHdKZyXX\nQ16GrRTB33PyTuNpwR+6bYCUYdHbyjKXjvgqNUZQdeF8EVULcXjOg3N9gxDnXMLG\nHmSGF0W6k/ocEfZ/9M/ojoToKfSQVx02eQ3wzPg521Bvx8tQAAx1kwWnVmxrxx9K\n+WJKmy8qhpjOdVdWhomtog4YcP4XvSBVXDUBkw346c4rH77W5VQnjzAw3cShlPpx\nKmeDCGYHItEn40QVlgZ1ErORIfh7kdguXy6NEgR7gQKBgQDlQgghA1j8/BCzIPaM\nmJ+7VYBAtHIePxf1N6giI4ju97PdwckyWJ2BW6JypONtzlBARIloNVYSzQhQmZu9\nnbZ4U01nqZqJtjrGznumPJMarOzz+65+TIvX8akPKUS73jDOIf8tV3nbQZ9D6dEy\n9rzszf0mTyyi8nTaJx9LrFJ1gwKBgQDPsAV4HFusgdvewXoP1JnbYyPRZKUzqEZA\nkrsSdJ1QD5CWu2cKqUbEeXY4VseOJUrXFxsk6xlYKbxEYy3U+wg0ADI9Tht0Ii1X\nXXhwo6D1x/Ft6nRxXixm0YQaGpC5tghGuO6UUIpZU4EZD98HjcybdT012UXxd7cS\nEhGRZ8XmgQKBgDTDNLG8Xn+i14kSXgvPmHt52xGJNfZmGPJzw7tPqFUvJvMzhUWU\nBXPfDg0Ki9kasXeJDoKwO8YJ8A70u1YxdOxOZ7Mi4pEtImvc27JPoJ90CvjABNHG\ndizVzk3R9qKyKVNXma3qwv3GJYxwxJfRF3v8kHV/pUs/N8t5U4eL+lJXAoGAI78Y\nMeQvozF2tpB2geMF2EzoDVJVXN7JuLOIn1SS/wSuzkLTKXKZS5fcUTYegsjIaN0B\nPwl4A0SrstmfOdk7QDgIbaTT9NktFKxx3nFLcwJG+7Qu9pRO8CN/qT6JSm2aXxHV\nfpGePmGxBq9Eo/g0D03Oi0YqU7VXPTT+8Rf7aAECgYEAi6/tWFp+r5YM3siaUYGp\n5o9T6AGvI2plBNX7EbPHlfKqCPcwGZ5i21yGHaonLkdMZN/B6Ih51A9KOnlAO0si\nwnHMKnat+Z8ivB6yXg/zes9zSm/jFE9A718Tq6DaJJXRoINSVUdZ5tbMTJurEUYV\nIxi0QQ4gxPUq9oudfoHqf5M=\n-----END PRIVATE KEY-----\n","clientEmail":"firebase-adminsdk-wgo9a@project2-197c0.iam.gserviceaccount.com","httpClient":{"retry":{"maxRetries":4,"statusCodes":[503],"ioErrorCodes":["ECONNRESET","ETIMEDOUT"],"backOffFactor":0.5,"maxDelayInMillis":60000}}},"databaseURL":"https://project2-197c0-default-rtdb.firebaseio.com"} {"metadata":{"emulator":{"name":"functions"},"function":{"name":"us-central1-searchLaw"},"extension":{},"message":"[runtime-status] [832] initializeApp(DEFAULT) {\"credential\":{\"implicit\":false,\"projectId\":\"project2-197c0\",\"privateKey\":\"-----BEGIN PRIVATE KEY-----\\nMIIEvQIBADANBgkqhkiG9w0BAQEFAASCBKcwggSjAgEAAoIBAQC5/gbeIukIITYx\\nAfS0TsG17rGNGmFo1DvsKnoONbPW2C1aSotD+QyFbx50Z9O8khZorP8HiwEAAixC\\n7O5d9IZrqSNsGGv+2QmzH3Y/rT2D/Fa6dfI+OUQw61/2ygTZ/zIPUYlEBCF4qEdw\\nnhAc2rUoekBu2w9+n13MQIZ2LAr4jUIIsVsVLcrUsN23ULd8rlGF6GSTiB2Go4Gk\\neaQtQ5zQot+Txd5udPb+VZ1SrRXqMLYLz5M2V1P1xDoeHARRTsuKhC1hDy60BeRS\\n6hqFguWWTnp03XYCeBs4z6kiY3Tuu0MFPW2jOLJqoPFxNJLz6J/xdUEbnTRWlikd\\nzOMN7+kDAgMBAAECggEAGMoK4p7W3flbOS3wY6XJkLThyj41XxzxEvmDBL4onDPP\\nhk9q1LeZcSFjIZMDDV46iV9hVaveXsDAuHd5ZQwQbGysfB2cgJOEhPC7uHdKZyXX\\nQ16GrRTB33PyTuNpwR+6bYCUYdHbyjKXjvgqNUZQdeF8EVULcXjOg3N9gxDnXMLG\\nHmSGF0W6k/ocEfZ/9M/ojoToKfSQVx02eQ3wzPg521Bvx8tQAAx1kwWnVmxrxx9K\\n+WJKmy8qhpjOdVdWhomtog4YcP4XvSBVXDUBkw346c4rH77W5VQnjzAw3cShlPpx\\nKmeDCGYHItEn40QVlgZ1ErORIfh7kdguXy6NEgR7gQKBgQDlQgghA1j8/BCzIPaM\\nmJ+7VYBAtHIePxf1N6giI4ju97PdwckyWJ2BW6JypONtzlBARIloNVYSzQhQmZu9\\nnbZ4U01nqZqJtjrGznumPJMarOzz+65+TIvX8akPKUS73jDOIf8tV3nbQZ9D6dEy\\n9rzszf0mTyyi8nTaJx9LrFJ1gwKBgQDPsAV4HFusgdvewXoP1JnbYyPRZKUzqEZA\\nkrsSdJ1QD5CWu2cKqUbEeXY4VseOJUrXFxsk6xlYKbxEYy3U+wg0ADI9Tht0Ii1X\\nXXhwo6D1x/Ft6nRxXixm0YQaGpC5tghGuO6UUIpZU4EZD98HjcybdT012UXxd7cS\\nEhGRZ8XmgQKBgDTDNLG8Xn+i14kSXgvPmHt52xGJNfZmGPJzw7tPqFUvJvMzhUWU\\nBXPfDg0Ki9kasXeJDoKwO8YJ8A70u1YxdOxOZ7Mi4pEtImvc27JPoJ90CvjABNHG\\ndizVzk3R9qKyKVNXma3qwv3GJYxwxJfRF3v8kHV/pUs/N8t5U4eL+lJXAoGAI78Y\\nMeQvozF2tpB2geMF2EzoDVJVXN7JuLOIn1SS/wSuzkLTKXKZS5fcUTYegsjIaN0B\\nPwl4A0SrstmfOdk7QDgIbaTT9NktFKxx3nFLcwJG+7Qu9pRO8CN/qT6JSm2aXxHV\\nfpGePmGxBq9Eo/g0D03Oi0YqU7VXPTT+8Rf7aAECgYEAi6/tWFp+r5YM3siaUYGp\\n5o9T6AGvI2plBNX7EbPHlfKqCPcwGZ5i21yGHaonLkdMZN/B6Ih51A9KOnlAO0si\\nwnHMKnat+Z8ivB6yXg/zes9zSm/jFE9A718Tq6DaJJXRoINSVUdZ5tbMTJurEUYV\\nIxi0QQ4gxPUq9oudfoHqf5M=\\n-----END PRIVATE KEY-----\\n\",\"clientEmail\":\"firebase-adminsdk-wgo9a@project2-197c0.iam.gserviceaccount.com\",\"httpClient\":{\"retry\":{\"maxRetries\":4,\"statusCodes\":[503],\"ioErrorCodes\":[\"ECONNRESET\",\"ETIMEDOUT\"],\"backOffFactor\":0.5,\"maxDelayInMillis\":60000}}},\"databaseURL\":\"https://project2-197c0-default-rtdb.firebaseio.com\"}"}}
[debug] [2024-11-20T08:02:01.026Z] [runtime-status] [832] Functions runtime initialized. {"cwd":"D:\\365\\hoc tap\\React Js\\project\\lawMachine2\\functions","node_version":"20.11.1"} {"metadata":{"emulator":{"name":"functions"},"function":{"name":"us-central1-searchLaw"},"extension":{},"message":"[runtime-status] [832] Functions runtime initialized. {\"cwd\":\"D:\\\\365\\\\hoc tap\\\\React Js\\\\project\\\\lawMachine2\\\\functions\",\"node_version\":\"20.11.1\"}"}}
[debug] [2024-11-20T08:02:01.027Z] [runtime-status] [832] Listening to port: \\?\pipe\fire_emu_d68564920597b181 {"metadata":{"emulator":{"name":"functions"},"function":{"name":"us-central1-searchLaw"},"extension":{},"message":"[runtime-status] [832] Listening to port: \\\\?\\pipe\\fire_emu_d68564920597b181"}}
[debug] [2024-11-20T08:02:01.101Z] [worker-us-central1-searchLaw-35c57348-00a6-4af0-8c16-8b24dcdee978]: IDLE {"metadata":{"emulator":{"name":"functions"},"function":{"name":"us-central1-searchLaw"},"extension":{},"message":"[worker-us-central1-searchLaw-35c57348-00a6-4af0-8c16-8b24dcdee978]: IDLE"}}
[debug] [2024-11-20T08:02:01.101Z] [worker-pool] submitRequest(triggerId=us-central1-searchLaw) {"metadata":{"emulator":{"name":"functions"},"message":"[worker-pool] submitRequest(triggerId=us-central1-searchLaw)"}}
[info] i  functions: Beginning execution of "us-central1-searchLaw" {"metadata":{"emulator":{"name":"functions"},"function":{"name":"us-central1-searchLaw"},"extension":{},"message":"Beginning execution of \"us-central1-searchLaw\""}}
[debug] [2024-11-20T08:02:01.103Z] [worker-us-central1-searchLaw-35c57348-00a6-4af0-8c16-8b24dcdee978]: BUSY {"metadata":{"emulator":{"name":"functions"},"function":{"name":"us-central1-searchLaw"},"extension":{},"message":"[worker-us-central1-searchLaw-35c57348-00a6-4af0-8c16-8b24dcdee978]: BUSY"}}
[debug] [2024-11-20T08:02:04.490Z] Finishing up request with event=pause {"metadata":{"emulator":{"name":"functions"},"function":{"name":"us-central1-searchLaw"},"extension":{},"message":"Finishing up request with event=pause"}}
[info] i  functions: Finished "us-central1-searchLaw" in 3387.6537ms {"metadata":{"emulator":{"name":"functions"},"function":{"name":"us-central1-searchLaw"},"extension":{},"message":"Finished \"us-central1-searchLaw\" in 3387.6537ms"}}
[debug] [2024-11-20T08:02:04.492Z] [worker-us-central1-searchLaw-35c57348-00a6-4af0-8c16-8b24dcdee978]: IDLE {"metadata":{"emulator":{"name":"functions"},"function":{"name":"us-central1-searchLaw"},"extension":{},"message":"[worker-us-central1-searchLaw-35c57348-00a6-4af0-8c16-8b24dcdee978]: IDLE"}}
[debug] [2024-11-20T08:02:04.493Z] Finishing up request with event=finish {"metadata":{"emulator":{"name":"functions"},"function":{"name":"us-central1-searchLaw"},"extension":{},"message":"Finishing up request with event=finish"}}
[debug] [2024-11-20T08:02:04.493Z] Finishing up request with event=close {"metadata":{"emulator":{"name":"functions"},"function":{"name":"us-central1-searchLaw"},"extension":{},"message":"Finishing up request with event=close"}}
[debug] [2024-11-20T08:02:04.494Z] [work-queue] {"queuedWork":[],"queueLength":0,"runningWork":[],"workRunningCount":0}
[debug] [2024-11-20T08:02:14.087Z] [work-queue] {"queuedWork":["/project2-197c0/us-central1/searchLaw-2024-11-20T08:02:14.087Z"],"queueLength":1,"runningWork":[],"workRunningCount":0}
[debug] [2024-11-20T08:02:14.088Z] [work-queue] {"queuedWork":[],"queueLength":0,"runningWork":["/project2-197c0/us-central1/searchLaw-2024-11-20T08:02:14.087Z"],"workRunningCount":1}
[debug] [2024-11-20T08:02:14.089Z] Accepted request GET /project2-197c0/us-central1/searchLaw?input=2011 --> us-central1-searchLaw
[debug] [2024-11-20T08:02:14.094Z] [functions] Runtime ready! Sending request! {"metadata":{"emulator":{"name":"functions"},"message":"[functions] Runtime ready! Sending request!"}}
[debug] [2024-11-20T08:02:14.095Z] [functions] Got req.url=/project2-197c0/us-central1/searchLaw?input=2011, mapping to path=/?input=2011 {"metadata":{"emulator":{"name":"functions"},"message":"[functions] Got req.url=/project2-197c0/us-central1/searchLaw?input=2011, mapping to path=/?input=2011"}}
[debug] [2024-11-20T08:02:14.095Z] [worker-pool] submitRequest(triggerId=us-central1-searchLaw) {"metadata":{"emulator":{"name":"functions"},"message":"[worker-pool] submitRequest(triggerId=us-central1-searchLaw)"}}
[info] i  functions: Beginning execution of "us-central1-searchLaw" {"metadata":{"emulator":{"name":"functions"},"function":{"name":"us-central1-searchLaw"},"extension":{},"message":"Beginning execution of \"us-central1-searchLaw\""}}
[debug] [2024-11-20T08:02:14.098Z] [worker-us-central1-searchLaw-35c57348-00a6-4af0-8c16-8b24dcdee978]: BUSY {"metadata":{"emulator":{"name":"functions"},"function":{"name":"us-central1-searchLaw"},"extension":{},"message":"[worker-us-central1-searchLaw-35c57348-00a6-4af0-8c16-8b24dcdee978]: BUSY"}}
[debug] [2024-11-20T08:02:20.708Z] Finishing up request with event=pause {"metadata":{"emulator":{"name":"functions"},"function":{"name":"us-central1-searchLaw"},"extension":{},"message":"Finishing up request with event=pause"}}
[info] i  functions: Finished "us-central1-searchLaw" in 6610.6783ms {"metadata":{"emulator":{"name":"functions"},"function":{"name":"us-central1-searchLaw"},"extension":{},"message":"Finished \"us-central1-searchLaw\" in 6610.6783ms"}}
[debug] [2024-11-20T08:02:20.710Z] [worker-us-central1-searchLaw-35c57348-00a6-4af0-8c16-8b24dcdee978]: IDLE {"metadata":{"emulator":{"name":"functions"},"function":{"name":"us-central1-searchLaw"},"extension":{},"message":"[worker-us-central1-searchLaw-35c57348-00a6-4af0-8c16-8b24dcdee978]: IDLE"}}
[debug] [2024-11-20T08:02:20.712Z] Finishing up request with event=finish {"metadata":{"emulator":{"name":"functions"},"function":{"name":"us-central1-searchLaw"},"extension":{},"message":"Finishing up request with event=finish"}}
[debug] [2024-11-20T08:02:20.713Z] Finishing up request with event=close {"metadata":{"emulator":{"name":"functions"},"function":{"name":"us-central1-searchLaw"},"extension":{},"message":"Finishing up request with event=close"}}
[debug] [2024-11-20T08:02:20.713Z] [work-queue] {"queuedWork":[],"queueLength":0,"runningWork":[],"workRunningCount":0}
[debug] [2024-11-20T08:03:12.520Z] [work-queue] {"queuedWork":["/project2-197c0/us-central1/searchLaw-2024-11-20T08:03:12.520Z"],"queueLength":1,"runningWork":[],"workRunningCount":0}
[debug] [2024-11-20T08:03:12.520Z] [work-queue] {"queuedWork":[],"queueLength":0,"runningWork":["/project2-197c0/us-central1/searchLaw-2024-11-20T08:03:12.520Z"],"workRunningCount":1}
[debug] [2024-11-20T08:03:12.520Z] Accepted request GET /project2-197c0/us-central1/searchLaw?input=rhrthh --> us-central1-searchLaw
[debug] [2024-11-20T08:03:12.524Z] [functions] Runtime ready! Sending request! {"metadata":{"emulator":{"name":"functions"},"message":"[functions] Runtime ready! Sending request!"}}
[debug] [2024-11-20T08:03:12.524Z] [functions] Got req.url=/project2-197c0/us-central1/searchLaw?input=rhrthh, mapping to path=/?input=rhrthh {"metadata":{"emulator":{"name":"functions"},"message":"[functions] Got req.url=/project2-197c0/us-central1/searchLaw?input=rhrthh, mapping to path=/?input=rhrthh"}}
[debug] [2024-11-20T08:03:12.524Z] [worker-pool] submitRequest(triggerId=us-central1-searchLaw) {"metadata":{"emulator":{"name":"functions"},"message":"[worker-pool] submitRequest(triggerId=us-central1-searchLaw)"}}
[info] i  functions: Beginning execution of "us-central1-searchLaw" {"metadata":{"emulator":{"name":"functions"},"function":{"name":"us-central1-searchLaw"},"extension":{},"message":"Beginning execution of \"us-central1-searchLaw\""}}
[debug] [2024-11-20T08:03:12.525Z] [worker-us-central1-searchLaw-35c57348-00a6-4af0-8c16-8b24dcdee978]: BUSY {"metadata":{"emulator":{"name":"functions"},"function":{"name":"us-central1-searchLaw"},"extension":{},"message":"[worker-us-central1-searchLaw-35c57348-00a6-4af0-8c16-8b24dcdee978]: BUSY"}}
[debug] [2024-11-20T08:03:12.853Z] Finishing up request with event=pause {"metadata":{"emulator":{"name":"functions"},"function":{"name":"us-central1-searchLaw"},"extension":{},"message":"Finishing up request with event=pause"}}
[info] i  functions: Finished "us-central1-searchLaw" in 328.2123ms {"metadata":{"emulator":{"name":"functions"},"function":{"name":"us-central1-searchLaw"},"extension":{},"message":"Finished \"us-central1-searchLaw\" in 328.2123ms"}}
[debug] [2024-11-20T08:03:12.855Z] [worker-us-central1-searchLaw-35c57348-00a6-4af0-8c16-8b24dcdee978]: IDLE {"metadata":{"emulator":{"name":"functions"},"function":{"name":"us-central1-searchLaw"},"extension":{},"message":"[worker-us-central1-searchLaw-35c57348-00a6-4af0-8c16-8b24dcdee978]: IDLE"}}
[debug] [2024-11-20T08:03:12.856Z] Finishing up request with event=finish {"metadata":{"emulator":{"name":"functions"},"function":{"name":"us-central1-searchLaw"},"extension":{},"message":"Finishing up request with event=finish"}}
[debug] [2024-11-20T08:03:12.856Z] Finishing up request with event=close {"metadata":{"emulator":{"name":"functions"},"function":{"name":"us-central1-searchLaw"},"extension":{},"message":"Finishing up request with event=close"}}
[debug] [2024-11-20T08:03:12.856Z] [work-queue] {"queuedWork":[],"queueLength":0,"runningWork":[],"workRunningCount":0}
[debug] [2024-11-20T08:03:19.673Z] [work-queue] {"queuedWork":["/project2-197c0/us-central1/searchLaw-2024-11-20T08:03:19.673Z"],"queueLength":1,"runningWork":[],"workRunningCount":0}
[debug] [2024-11-20T08:03:19.674Z] [work-queue] {"queuedWork":[],"queueLength":0,"runningWork":["/project2-197c0/us-central1/searchLaw-2024-11-20T08:03:19.673Z"],"workRunningCount":1}
[debug] [2024-11-20T08:03:19.674Z] Accepted request GET /project2-197c0/us-central1/searchLaw?input=%27thuy%E1%BB%81n%27 --> us-central1-searchLaw
[debug] [2024-11-20T08:03:19.679Z] [functions] Runtime ready! Sending request! {"metadata":{"emulator":{"name":"functions"},"message":"[functions] Runtime ready! Sending request!"}}
[debug] [2024-11-20T08:03:19.679Z] [functions] Got req.url=/project2-197c0/us-central1/searchLaw?input=%27thuy%E1%BB%81n%27, mapping to path=/?input=%27thuy%E1%BB%81n%27 {"metadata":{"emulator":{"name":"functions"},"message":"[functions] Got req.url=/project2-197c0/us-central1/searchLaw?input=%27thuy%E1%BB%81n%27, mapping to path=/?input=%27thuy%E1%BB%81n%27"}}
[debug] [2024-11-20T08:03:19.679Z] [worker-pool] submitRequest(triggerId=us-central1-searchLaw) {"metadata":{"emulator":{"name":"functions"},"message":"[worker-pool] submitRequest(triggerId=us-central1-searchLaw)"}}
[info] i  functions: Beginning execution of "us-central1-searchLaw" {"metadata":{"emulator":{"name":"functions"},"function":{"name":"us-central1-searchLaw"},"extension":{},"message":"Beginning execution of \"us-central1-searchLaw\""}}
[debug] [2024-11-20T08:03:19.681Z] [worker-us-central1-searchLaw-35c57348-00a6-4af0-8c16-8b24dcdee978]: BUSY {"metadata":{"emulator":{"name":"functions"},"function":{"name":"us-central1-searchLaw"},"extension":{},"message":"[worker-us-central1-searchLaw-35c57348-00a6-4af0-8c16-8b24dcdee978]: BUSY"}}
[debug] [2024-11-20T08:03:20.006Z] Finishing up request with event=pause {"metadata":{"emulator":{"name":"functions"},"function":{"name":"us-central1-searchLaw"},"extension":{},"message":"Finishing up request with event=pause"}}
[info] i  functions: Finished "us-central1-searchLaw" in 326.083ms {"metadata":{"emulator":{"name":"functions"},"function":{"name":"us-central1-searchLaw"},"extension":{},"message":"Finished \"us-central1-searchLaw\" in 326.083ms"}}
[debug] [2024-11-20T08:03:20.008Z] [worker-us-central1-searchLaw-35c57348-00a6-4af0-8c16-8b24dcdee978]: IDLE {"metadata":{"emulator":{"name":"functions"},"function":{"name":"us-central1-searchLaw"},"extension":{},"message":"[worker-us-central1-searchLaw-35c57348-00a6-4af0-8c16-8b24dcdee978]: IDLE"}}
[debug] [2024-11-20T08:03:20.009Z] Finishing up request with event=finish {"metadata":{"emulator":{"name":"functions"},"function":{"name":"us-central1-searchLaw"},"extension":{},"message":"Finishing up request with event=finish"}}
[debug] [2024-11-20T08:03:20.009Z] Finishing up request with event=close {"metadata":{"emulator":{"name":"functions"},"function":{"name":"us-central1-searchLaw"},"extension":{},"message":"Finishing up request with event=close"}}
[debug] [2024-11-20T08:03:20.009Z] [work-queue] {"queuedWork":[],"queueLength":0,"runningWork":[],"workRunningCount":0}
[debug] [2024-11-20T08:03:27.969Z] [work-queue] {"queuedWork":["/project2-197c0/us-central1/searchLaw-2024-11-20T08:03:27.969Z"],"queueLength":1,"runningWork":[],"workRunningCount":0}
[debug] [2024-11-20T08:03:27.970Z] [work-queue] {"queuedWork":[],"queueLength":0,"runningWork":["/project2-197c0/us-central1/searchLaw-2024-11-20T08:03:27.969Z"],"workRunningCount":1}
[debug] [2024-11-20T08:03:27.970Z] Accepted request GET /project2-197c0/us-central1/searchLaw?input=THUY%E1%BB%80N --> us-central1-searchLaw
[debug] [2024-11-20T08:03:27.975Z] [functions] Runtime ready! Sending request! {"metadata":{"emulator":{"name":"functions"},"message":"[functions] Runtime ready! Sending request!"}}
[debug] [2024-11-20T08:03:27.975Z] [functions] Got req.url=/project2-197c0/us-central1/searchLaw?input=THUY%E1%BB%80N, mapping to path=/?input=THUY%E1%BB%80N {"metadata":{"emulator":{"name":"functions"},"message":"[functions] Got req.url=/project2-197c0/us-central1/searchLaw?input=THUY%E1%BB%80N, mapping to path=/?input=THUY%E1%BB%80N"}}
[debug] [2024-11-20T08:03:27.976Z] [worker-pool] submitRequest(triggerId=us-central1-searchLaw) {"metadata":{"emulator":{"name":"functions"},"message":"[worker-pool] submitRequest(triggerId=us-central1-searchLaw)"}}
[info] i  functions: Beginning execution of "us-central1-searchLaw" {"metadata":{"emulator":{"name":"functions"},"function":{"name":"us-central1-searchLaw"},"extension":{},"message":"Beginning execution of \"us-central1-searchLaw\""}}
[debug] [2024-11-20T08:03:27.977Z] [worker-us-central1-searchLaw-35c57348-00a6-4af0-8c16-8b24dcdee978]: BUSY {"metadata":{"emulator":{"name":"functions"},"function":{"name":"us-central1-searchLaw"},"extension":{},"message":"[worker-us-central1-searchLaw-35c57348-00a6-4af0-8c16-8b24dcdee978]: BUSY"}}
[debug] [2024-11-20T08:03:28.666Z] Finishing up request with event=pause {"metadata":{"emulator":{"name":"functions"},"function":{"name":"us-central1-searchLaw"},"extension":{},"message":"Finishing up request with event=pause"}}
[info] i  functions: Finished "us-central1-searchLaw" in 689.5741ms {"metadata":{"emulator":{"name":"functions"},"function":{"name":"us-central1-searchLaw"},"extension":{},"message":"Finished \"us-central1-searchLaw\" in 689.5741ms"}}
[debug] [2024-11-20T08:03:28.668Z] [worker-us-central1-searchLaw-35c57348-00a6-4af0-8c16-8b24dcdee978]: IDLE {"metadata":{"emulator":{"name":"functions"},"function":{"name":"us-central1-searchLaw"},"extension":{},"message":"[worker-us-central1-searchLaw-35c57348-00a6-4af0-8c16-8b24dcdee978]: IDLE"}}
[debug] [2024-11-20T08:03:28.670Z] Finishing up request with event=finish {"metadata":{"emulator":{"name":"functions"},"function":{"name":"us-central1-searchLaw"},"extension":{},"message":"Finishing up request with event=finish"}}
[debug] [2024-11-20T08:03:28.670Z] Finishing up request with event=close {"metadata":{"emulator":{"name":"functions"},"function":{"name":"us-central1-searchLaw"},"extension":{},"message":"Finishing up request with event=close"}}
[debug] [2024-11-20T08:03:28.670Z] [work-queue] {"queuedWork":[],"queueLength":0,"runningWork":[],"workRunningCount":0}
[debug] [2024-11-20T08:11:40.991Z] [work-queue] {"queuedWork":["/project2-197c0/us-central1/searchLaw-2024-11-20T08:11:40.991Z"],"queueLength":1,"runningWork":[],"workRunningCount":0}
[debug] [2024-11-20T08:11:40.992Z] [work-queue] {"queuedWork":[],"queueLength":0,"runningWork":["/project2-197c0/us-central1/searchLaw-2024-11-20T08:11:40.991Z"],"workRunningCount":1}
[debug] [2024-11-20T08:11:40.992Z] Accepted request GET /project2-197c0/us-central1/searchLaw --> us-central1-searchLaw
[debug] [2024-11-20T08:11:40.997Z] [functions] Runtime ready! Sending request! {"metadata":{"emulator":{"name":"functions"},"message":"[functions] Runtime ready! Sending request!"}}
[debug] [2024-11-20T08:11:40.997Z] [functions] Got req.url=/project2-197c0/us-central1/searchLaw, mapping to path=/ {"metadata":{"emulator":{"name":"functions"},"message":"[functions] Got req.url=/project2-197c0/us-central1/searchLaw, mapping to path=/"}}
[debug] [2024-11-20T08:11:40.997Z] [worker-pool] submitRequest(triggerId=us-central1-searchLaw) {"metadata":{"emulator":{"name":"functions"},"message":"[worker-pool] submitRequest(triggerId=us-central1-searchLaw)"}}
[info] i  functions: Beginning execution of "us-central1-searchLaw" {"metadata":{"emulator":{"name":"functions"},"function":{"name":"us-central1-searchLaw"},"extension":{},"message":"Beginning execution of \"us-central1-searchLaw\""}}
[debug] [2024-11-20T08:11:40.999Z] [worker-us-central1-searchLaw-35c57348-00a6-4af0-8c16-8b24dcdee978]: BUSY {"metadata":{"emulator":{"name":"functions"},"function":{"name":"us-central1-searchLaw"},"extension":{},"message":"[worker-us-central1-searchLaw-35c57348-00a6-4af0-8c16-8b24dcdee978]: BUSY"}}
[debug] [2024-11-20T08:11:41.323Z] Finishing up request with event=pause {"metadata":{"emulator":{"name":"functions"},"function":{"name":"us-central1-searchLaw"},"extension":{},"message":"Finishing up request with event=pause"}}
[info] i  functions: Finished "us-central1-searchLaw" in 325.0283ms {"metadata":{"emulator":{"name":"functions"},"function":{"name":"us-central1-searchLaw"},"extension":{},"message":"Finished \"us-central1-searchLaw\" in 325.0283ms"}}
[debug] [2024-11-20T08:11:41.325Z] [worker-us-central1-searchLaw-35c57348-00a6-4af0-8c16-8b24dcdee978]: IDLE {"metadata":{"emulator":{"name":"functions"},"function":{"name":"us-central1-searchLaw"},"extension":{},"message":"[worker-us-central1-searchLaw-35c57348-00a6-4af0-8c16-8b24dcdee978]: IDLE"}}
[debug] [2024-11-20T08:11:41.326Z] Finishing up request with event=finish {"metadata":{"emulator":{"name":"functions"},"function":{"name":"us-central1-searchLaw"},"extension":{},"message":"Finishing up request with event=finish"}}
[debug] [2024-11-20T08:11:41.326Z] Finishing up request with event=close {"metadata":{"emulator":{"name":"functions"},"function":{"name":"us-central1-searchLaw"},"extension":{},"message":"Finishing up request with event=close"}}
[debug] [2024-11-20T08:11:41.326Z] [work-queue] {"queuedWork":[],"queueLength":0,"runningWork":[],"workRunningCount":0}
[debug] [2024-11-20T08:11:48.251Z] [work-queue] {"queuedWork":["/project2-197c0/us-central1/searchLaw-2024-11-20T08:11:48.251Z"],"queueLength":1,"runningWork":[],"workRunningCount":0}
[debug] [2024-11-20T08:11:48.251Z] [work-queue] {"queuedWork":[],"queueLength":0,"runningWork":["/project2-197c0/us-central1/searchLaw-2024-11-20T08:11:48.251Z"],"workRunningCount":1}
[debug] [2024-11-20T08:11:48.252Z] Accepted request GET /project2-197c0/us-central1/searchLaw?input=THUY%E1%BB%80N --> us-central1-searchLaw
[debug] [2024-11-20T08:11:48.257Z] [functions] Runtime ready! Sending request! {"metadata":{"emulator":{"name":"functions"},"message":"[functions] Runtime ready! Sending request!"}}
[debug] [2024-11-20T08:11:48.257Z] [functions] Got req.url=/project2-197c0/us-central1/searchLaw?input=THUY%E1%BB%80N, mapping to path=/?input=THUY%E1%BB%80N {"metadata":{"emulator":{"name":"functions"},"message":"[functions] Got req.url=/project2-197c0/us-central1/searchLaw?input=THUY%E1%BB%80N, mapping to path=/?input=THUY%E1%BB%80N"}}
[debug] [2024-11-20T08:11:48.258Z] [worker-pool] submitRequest(triggerId=us-central1-searchLaw) {"metadata":{"emulator":{"name":"functions"},"message":"[worker-pool] submitRequest(triggerId=us-central1-searchLaw)"}}
[info] i  functions: Beginning execution of "us-central1-searchLaw" {"metadata":{"emulator":{"name":"functions"},"function":{"name":"us-central1-searchLaw"},"extension":{},"message":"Beginning execution of \"us-central1-searchLaw\""}}
[debug] [2024-11-20T08:11:48.259Z] [worker-us-central1-searchLaw-35c57348-00a6-4af0-8c16-8b24dcdee978]: BUSY {"metadata":{"emulator":{"name":"functions"},"function":{"name":"us-central1-searchLaw"},"extension":{},"message":"[worker-us-central1-searchLaw-35c57348-00a6-4af0-8c16-8b24dcdee978]: BUSY"}}
[debug] [2024-11-20T08:11:48.898Z] Finishing up request with event=pause {"metadata":{"emulator":{"name":"functions"},"function":{"name":"us-central1-searchLaw"},"extension":{},"message":"Finishing up request with event=pause"}}
[info] i  functions: Finished "us-central1-searchLaw" in 639.2869ms {"metadata":{"emulator":{"name":"functions"},"function":{"name":"us-central1-searchLaw"},"extension":{},"message":"Finished \"us-central1-searchLaw\" in 639.2869ms"}}
[debug] [2024-11-20T08:11:48.900Z] [worker-us-central1-searchLaw-35c57348-00a6-4af0-8c16-8b24dcdee978]: IDLE {"metadata":{"emulator":{"name":"functions"},"function":{"name":"us-central1-searchLaw"},"extension":{},"message":"[worker-us-central1-searchLaw-35c57348-00a6-4af0-8c16-8b24dcdee978]: IDLE"}}
[debug] [2024-11-20T08:11:48.900Z] Finishing up request with event=finish {"metadata":{"emulator":{"name":"functions"},"function":{"name":"us-central1-searchLaw"},"extension":{},"message":"Finishing up request with event=finish"}}
[debug] [2024-11-20T08:11:48.901Z] Finishing up request with event=close {"metadata":{"emulator":{"name":"functions"},"function":{"name":"us-central1-searchLaw"},"extension":{},"message":"Finishing up request with event=close"}}
[debug] [2024-11-20T08:11:48.901Z] [work-queue] {"queuedWork":[],"queueLength":0,"runningWork":[],"workRunningCount":0}
